апр. 24, 2025 11:43:50 PM game.Utils.Logs.GameLogger warn
WARNING: Неверный выбор.
апр. 24, 2025 11:43:50 PM game.Utils.Logs.GameLogger warn
WARNING: Неверный выбор
апр. 24, 2025 11:43:51 PM game.Utils.Logs.GameLogger warn
WARNING: Неверный выбор.
апр. 24, 2025 11:43:52 PM game.Utils.Logs.GameLogger warn
WARNING: Неверный выбор
апр. 24, 2025 11:44:00 PM game.Utils.Logs.GameLogger warn
WARNING: Неверный выбор.
апр. 24, 2025 11:44:00 PM game.Utils.Logs.GameLogger warn
WARNING: Неверный выбор
апр. 24, 2025 11:44:02 PM game.Utils.Logs.GameLogger warn
WARNING: Попытка выйти за границы доски: (4, 2)
апр. 24, 2025 11:44:04 PM game.Utils.Logs.GameLogger warn
WARNING: Попытка выйти за границы доски: (5, -1)
апр. 24, 2025 11:44:07 PM game.Utils.Logs.GameLogger warn
WARNING: Попытка выйти за границы доски: (4, 2)
апр. 24, 2025 11:44:10 PM game.Utils.Logs.GameLogger warn
WARNING: Попытка выйти за границы доски: (4, 4)
апр. 24, 2025 11:44:10 PM game.Utils.Logs.GameLogger warn
WARNING: Попытка выйти за границы доски: (4, 2)
