апр. 26, 2025 3:51:56 AM game.Utils.Logs.GameLogger info
INFO: Battle test started
апр. 26, 2025 3:51:57 AM game.Utils.Logs.GameLogger info
INFO: Battle test ended
апр. 26, 2025 3:51:57 AM game.Utils.Logs.GameLogger info
INFO: Battle test started
апр. 26, 2025 3:51:57 AM game.Utils.Logs.GameLogger info
INFO: Battle test ended
апр. 26, 2025 3:51:57 AM game.Utils.Logs.GameLogger info
INFO: Battle test started
апр. 26, 2025 3:51:57 AM game.Utils.Logs.GameLogger error
SEVERE: Cannot invoke "java.lang.Long.longValue()" because the return value of "java.util.Map.get(Object)" is null
апр. 26, 2025 3:51:57 AM game.Utils.Logs.GameLogger info
INFO: Battle test ended
апр. 26, 2025 3:51:57 AM game.Utils.Logs.GameLogger info
INFO: Battle test started
апр. 26, 2025 3:51:57 AM game.Utils.Logs.GameLogger info
INFO: Battle test ended
апр. 26, 2025 3:51:57 AM game.Utils.Logs.GameLogger info
INFO: Battle test started
апр. 26, 2025 3:51:57 AM game.Utils.Logs.GameLogger info
INFO: Buildings test ended
апр. 26, 2025 3:51:57 AM game.Utils.Logs.GameLogger info
INFO: Battle test started
апр. 26, 2025 3:51:57 AM game.Utils.Logs.GameLogger info
INFO: Buildings test ended
апр. 26, 2025 3:51:57 AM game.Utils.Logs.GameLogger info
INFO: Battle test started
апр. 26, 2025 3:51:57 AM game.Utils.Logs.GameLogger info
INFO: Buildings test ended
апр. 26, 2025 3:51:57 AM game.Utils.Logs.GameLogger info
INFO: Battle test started
апр. 26, 2025 3:51:57 AM game.Utils.Logs.GameLogger info
INFO: Buildings test ended
апр. 26, 2025 3:51:57 AM game.Utils.Logs.GameLogger info
INFO: Game test started
апр. 26, 2025 3:51:57 AM game.Utils.Logs.GameLogger warn
WARNING: У вас уже есть это здание
апр. 26, 2025 3:51:57 AM game.Utils.Logs.GameLogger warn
WARNING: У вас уже есть это здание
апр. 26, 2025 3:51:57 AM game.Utils.Logs.GameLogger warn
WARNING: У вас уже есть это здание
апр. 26, 2025 3:51:57 AM game.Utils.Logs.GameLogger warn
WARNING: У вас уже есть это здание
апр. 26, 2025 3:51:57 AM game.Utils.Logs.GameLogger info
INFO: Game test ended
апр. 26, 2025 3:51:57 AM game.Utils.Logs.GameLogger info
INFO: Game test started
апр. 26, 2025 3:51:57 AM game.Utils.Logs.GameLogger warn
WARNING: У вас уже есть это здание
апр. 26, 2025 3:51:58 AM game.Utils.Logs.GameLogger warn
WARNING: У вас уже есть это здание
апр. 26, 2025 3:51:58 AM game.Utils.Logs.GameLogger warn
WARNING: У вас уже есть это здание
апр. 26, 2025 3:51:58 AM game.Utils.Logs.GameLogger warn
WARNING: У вас уже есть это здание
апр. 26, 2025 3:51:58 AM game.Utils.Logs.GameLogger info
INFO: Game test ended
апр. 26, 2025 3:51:58 AM game.Utils.Logs.GameLogger info
INFO: Game test started
апр. 26, 2025 3:51:58 AM game.Utils.Logs.GameLogger warn
WARNING: У вас уже есть это здание
апр. 26, 2025 3:51:58 AM game.Utils.Logs.GameLogger warn
WARNING: У вас уже есть это здание
апр. 26, 2025 3:51:59 AM game.Utils.Logs.GameLogger warn
WARNING: У вас уже есть это здание
апр. 26, 2025 3:51:59 AM game.Utils.Logs.GameLogger warn
WARNING: У вас уже есть это здание
апр. 26, 2025 3:51:59 AM game.Utils.Logs.GameLogger info
INFO: Game test ended
апр. 26, 2025 3:51:59 AM game.Utils.Logs.GameLogger info
INFO: Game test started
апр. 26, 2025 3:51:59 AM game.Utils.Logs.GameLogger warn
WARNING: У вас уже есть это здание
апр. 26, 2025 3:51:59 AM game.Utils.Logs.GameLogger warn
WARNING: У вас уже есть это здание
апр. 26, 2025 3:51:59 AM game.Utils.Logs.GameLogger warn
WARNING: У вас уже есть это здание
апр. 26, 2025 3:52:00 AM game.Utils.Logs.GameLogger warn
WARNING: У вас уже есть это здание
апр. 26, 2025 3:52:00 AM game.Utils.Logs.GameLogger info
INFO: Game test ended
апр. 26, 2025 3:52:00 AM game.Utils.Logs.GameLogger info
INFO: Game test started
апр. 26, 2025 3:52:00 AM game.Utils.Logs.GameLogger warn
WARNING: У вас уже есть это здание
апр. 26, 2025 3:52:00 AM game.Utils.Logs.GameLogger warn
WARNING: У вас уже есть это здание
апр. 26, 2025 3:52:00 AM game.Utils.Logs.GameLogger warn
WARNING: У вас уже есть это здание
апр. 26, 2025 3:52:00 AM game.Utils.Logs.GameLogger warn
WARNING: У вас уже есть это здание
апр. 26, 2025 3:52:01 AM game.Utils.Logs.GameLogger error
SEVERE: Cannot invoke "java.lang.Long.longValue()" because the return value of "java.util.Map.get(Object)" is null
апр. 26, 2025 3:52:01 AM game.Utils.Logs.GameLogger error
SEVERE: Cannot invoke "java.lang.Long.longValue()" because the return value of "java.util.Map.get(Object)" is null
апр. 26, 2025 3:52:01 AM game.Utils.Logs.GameLogger error
SEVERE: Cannot invoke "java.lang.Long.longValue()" because the return value of "java.util.Map.get(Object)" is null
апр. 26, 2025 3:52:01 AM game.Utils.Logs.GameLogger info
INFO: Game test ended
апр. 26, 2025 3:52:01 AM game.Utils.Logs.GameLogger info
INFO: Game test started
апр. 26, 2025 3:52:01 AM game.Utils.Logs.GameLogger warn
WARNING: У вас уже есть это здание
апр. 26, 2025 3:52:01 AM game.Utils.Logs.GameLogger warn
WARNING: У вас уже есть это здание
апр. 26, 2025 3:52:01 AM game.Utils.Logs.GameLogger warn
WARNING: У вас уже есть это здание
апр. 26, 2025 3:52:01 AM game.Utils.Logs.GameLogger warn
WARNING: У вас уже есть это здание
апр. 26, 2025 3:52:01 AM game.Utils.Logs.GameLogger warn
WARNING: Вы пытаетесь выйти за пределы карты.
апр. 26, 2025 3:52:02 AM game.Utils.Logs.GameLogger info
INFO: Game test ended
апр. 26, 2025 3:52:02 AM game.Utils.Logs.GameLogger info
INFO: Game test started
апр. 26, 2025 3:52:02 AM game.Utils.Logs.GameLogger warn
WARNING: У вас уже есть это здание
апр. 26, 2025 3:52:02 AM game.Utils.Logs.GameLogger warn
WARNING: У вас уже есть это здание
апр. 26, 2025 3:52:02 AM game.Utils.Logs.GameLogger warn
WARNING: У вас уже есть это здание
апр. 26, 2025 3:52:02 AM game.Utils.Logs.GameLogger warn
WARNING: У вас уже есть это здание
апр. 26, 2025 3:52:02 AM game.Utils.Logs.GameLogger error
SEVERE: Cannot invoke "java.lang.Long.longValue()" because the return value of "java.util.Map.get(Object)" is null
апр. 26, 2025 3:52:02 AM game.Utils.Logs.GameLogger info
INFO: Game test ended
апр. 26, 2025 3:52:02 AM game.Utils.Logs.GameLogger info
INFO: Game test started
апр. 26, 2025 3:52:02 AM game.Utils.Logs.GameLogger warn
WARNING: У вас уже есть это здание
апр. 26, 2025 3:52:03 AM game.Utils.Logs.GameLogger warn
WARNING: У вас уже есть это здание
апр. 26, 2025 3:52:03 AM game.Utils.Logs.GameLogger warn
WARNING: У вас уже есть это здание
апр. 26, 2025 3:52:03 AM game.Utils.Logs.GameLogger warn
WARNING: У вас уже есть это здание
апр. 26, 2025 3:52:03 AM game.Utils.Logs.GameLogger info
INFO: Game test ended
апр. 26, 2025 3:52:03 AM game.Utils.Logs.GameLogger info
INFO: Game test started
апр. 26, 2025 3:52:03 AM game.Utils.Logs.GameLogger info
INFO: Game test ended
апр. 26, 2025 3:52:03 AM game.Utils.Logs.GameLogger info
INFO: Map test ended
апр. 26, 2025 3:52:03 AM game.Utils.Logs.GameLogger info
INFO: Map test ended
апр. 26, 2025 3:52:03 AM game.Utils.Logs.GameLogger info
INFO: Player test ended
апр. 26, 2025 3:52:03 AM game.Utils.Logs.GameLogger info
INFO: Player test ended
апр. 26, 2025 3:52:03 AM game.Utils.Logs.GameLogger info
INFO: Player test ended
апр. 26, 2025 3:52:03 AM game.Utils.Logs.GameLogger info
INFO: Player test ended
апр. 26, 2025 3:52:03 AM game.Utils.Logs.GameLogger info
INFO: Player test ended
апр. 26, 2025 3:52:03 AM game.Utils.Logs.GameLogger info
INFO: Player test ended
апр. 26, 2025 3:52:03 AM game.Utils.Logs.GameLogger info
INFO: Player test ended
апр. 26, 2025 3:52:03 AM game.Utils.Logs.GameLogger info
INFO: Player test ended
апр. 26, 2025 3:52:03 AM game.Utils.Logs.GameLogger info
INFO: Player test ended
апр. 26, 2025 3:52:03 AM game.Utils.Logs.GameLogger info
INFO: Player test ended
апр. 26, 2025 3:52:03 AM game.Utils.Logs.GameLogger info
INFO: Player test ended
апр. 26, 2025 3:52:03 AM game.Utils.Logs.GameLogger info
INFO: Player test ended
апр. 26, 2025 3:52:03 AM game.Utils.Logs.GameLogger info
INFO: Records test ended
апр. 26, 2025 3:52:03 AM game.Utils.Logs.GameLogger info
INFO: Records test ended
апр. 26, 2025 3:52:03 AM game.Utils.Logs.GameLogger info
INFO: Records test ended
апр. 26, 2025 3:52:03 AM game.Utils.Logs.GameLogger info
INFO: Records test ended
апр. 26, 2025 3:52:03 AM game.Utils.Logs.GameLogger info
INFO: Utils test started
апр. 26, 2025 3:52:04 AM game.Utils.Logs.GameLogger info
INFO: Utils test ended
апр. 26, 2025 3:52:04 AM game.Utils.Logs.GameLogger info
INFO: Utils test started
апр. 26, 2025 3:52:04 AM game.Utils.Logs.GameLogger info
INFO: Utils test ended
