апр. 26, 2025 3:50:00 AM game.Utils.Logs.GameLogger info
INFO: Battle test started
апр. 26, 2025 3:50:00 AM game.Utils.Logs.GameLogger info
INFO: Battle test ended
апр. 26, 2025 3:50:00 AM game.Utils.Logs.GameLogger info
INFO: Battle test started
апр. 26, 2025 3:50:00 AM game.Utils.Logs.GameLogger info
INFO: Battle test ended
апр. 26, 2025 3:50:00 AM game.Utils.Logs.GameLogger info
INFO: Battle test started
апр. 26, 2025 3:50:00 AM game.Utils.Logs.GameLogger error
SEVERE: Cannot invoke "java.lang.Long.longValue()" because the return value of "java.util.Map.get(Object)" is null
апр. 26, 2025 3:50:00 AM game.Utils.Logs.GameLogger info
INFO: Battle test ended
апр. 26, 2025 3:50:00 AM game.Utils.Logs.GameLogger info
INFO: Battle test started
апр. 26, 2025 3:50:00 AM game.Utils.Logs.GameLogger info
INFO: Battle test ended
апр. 26, 2025 3:50:00 AM game.Utils.Logs.GameLogger info
INFO: Battle test started
апр. 26, 2025 3:50:00 AM game.Utils.Logs.GameLogger info
INFO: Buildings test ended
апр. 26, 2025 3:50:00 AM game.Utils.Logs.GameLogger info
INFO: Battle test started
апр. 26, 2025 3:50:00 AM game.Utils.Logs.GameLogger info
INFO: Buildings test ended
апр. 26, 2025 3:50:00 AM game.Utils.Logs.GameLogger info
INFO: Battle test started
апр. 26, 2025 3:50:00 AM game.Utils.Logs.GameLogger info
INFO: Buildings test ended
апр. 26, 2025 3:50:00 AM game.Utils.Logs.GameLogger info
INFO: Battle test started
апр. 26, 2025 3:50:00 AM game.Utils.Logs.GameLogger info
INFO: Buildings test ended
апр. 26, 2025 3:50:00 AM game.Utils.Logs.GameLogger info
INFO: Game test started
апр. 26, 2025 3:50:00 AM game.Utils.Logs.GameLogger warn
WARNING: У вас уже есть это здание
апр. 26, 2025 3:50:00 AM game.Utils.Logs.GameLogger warn
WARNING: У вас уже есть это здание
апр. 26, 2025 3:50:00 AM game.Utils.Logs.GameLogger warn
WARNING: У вас уже есть это здание
апр. 26, 2025 3:50:00 AM game.Utils.Logs.GameLogger warn
WARNING: У вас уже есть это здание
апр. 26, 2025 3:50:01 AM game.Utils.Logs.GameLogger info
INFO: Game test ended
апр. 26, 2025 3:50:01 AM game.Utils.Logs.GameLogger info
INFO: Game test started
апр. 26, 2025 3:50:01 AM game.Utils.Logs.GameLogger warn
WARNING: У вас уже есть это здание
апр. 26, 2025 3:50:01 AM game.Utils.Logs.GameLogger warn
WARNING: У вас уже есть это здание
апр. 26, 2025 3:50:01 AM game.Utils.Logs.GameLogger warn
WARNING: У вас уже есть это здание
апр. 26, 2025 3:50:01 AM game.Utils.Logs.GameLogger warn
WARNING: У вас уже есть это здание
апр. 26, 2025 3:50:01 AM game.Utils.Logs.GameLogger info
INFO: Game test ended
апр. 26, 2025 3:50:01 AM game.Utils.Logs.GameLogger info
INFO: Game test started
апр. 26, 2025 3:50:01 AM game.Utils.Logs.GameLogger warn
WARNING: У вас уже есть это здание
апр. 26, 2025 3:50:02 AM game.Utils.Logs.GameLogger warn
WARNING: У вас уже есть это здание
апр. 26, 2025 3:50:02 AM game.Utils.Logs.GameLogger warn
WARNING: У вас уже есть это здание
апр. 26, 2025 3:50:02 AM game.Utils.Logs.GameLogger warn
WARNING: У вас уже есть это здание
апр. 26, 2025 3:50:02 AM game.Utils.Logs.GameLogger info
INFO: Game test ended
апр. 26, 2025 3:50:02 AM game.Utils.Logs.GameLogger info
INFO: Game test started
апр. 26, 2025 3:50:02 AM game.Utils.Logs.GameLogger warn
WARNING: У вас уже есть это здание
апр. 26, 2025 3:50:02 AM game.Utils.Logs.GameLogger warn
WARNING: У вас уже есть это здание
апр. 26, 2025 3:50:03 AM game.Utils.Logs.GameLogger warn
WARNING: У вас уже есть это здание
апр. 26, 2025 3:50:03 AM game.Utils.Logs.GameLogger warn
WARNING: У вас уже есть это здание
апр. 26, 2025 3:50:03 AM game.Utils.Logs.GameLogger info
INFO: Game test ended
апр. 26, 2025 3:50:03 AM game.Utils.Logs.GameLogger info
INFO: Game test started
апр. 26, 2025 3:50:03 AM game.Utils.Logs.GameLogger warn
WARNING: У вас уже есть это здание
апр. 26, 2025 3:50:03 AM game.Utils.Logs.GameLogger warn
WARNING: У вас уже есть это здание
апр. 26, 2025 3:50:03 AM game.Utils.Logs.GameLogger warn
WARNING: У вас уже есть это здание
апр. 26, 2025 3:50:04 AM game.Utils.Logs.GameLogger warn
WARNING: У вас уже есть это здание
апр. 26, 2025 3:50:04 AM game.Utils.Logs.GameLogger info
INFO: Game test ended
апр. 26, 2025 3:50:04 AM game.Utils.Logs.GameLogger info
INFO: Game test started
апр. 26, 2025 3:50:04 AM game.Utils.Logs.GameLogger warn
WARNING: У вас уже есть это здание
апр. 26, 2025 3:50:04 AM game.Utils.Logs.GameLogger warn
WARNING: У вас уже есть это здание
апр. 26, 2025 3:50:04 AM game.Utils.Logs.GameLogger warn
WARNING: У вас уже есть это здание
апр. 26, 2025 3:50:04 AM game.Utils.Logs.GameLogger warn
WARNING: У вас уже есть это здание
апр. 26, 2025 3:50:05 AM game.Utils.Logs.GameLogger warn
WARNING: Вы пытаетесь выйти за пределы карты.
апр. 26, 2025 3:50:05 AM game.Utils.Logs.GameLogger info
INFO: Game test ended
апр. 26, 2025 3:50:05 AM game.Utils.Logs.GameLogger info
INFO: Game test started
апр. 26, 2025 3:50:05 AM game.Utils.Logs.GameLogger warn
WARNING: У вас уже есть это здание
апр. 26, 2025 3:50:05 AM game.Utils.Logs.GameLogger warn
WARNING: У вас уже есть это здание
апр. 26, 2025 3:50:05 AM game.Utils.Logs.GameLogger warn
WARNING: У вас уже есть это здание
апр. 26, 2025 3:50:05 AM game.Utils.Logs.GameLogger warn
WARNING: У вас уже есть это здание
апр. 26, 2025 3:50:06 AM game.Utils.Logs.GameLogger info
INFO: Game test ended
апр. 26, 2025 3:50:06 AM game.Utils.Logs.GameLogger info
INFO: Game test started
апр. 26, 2025 3:50:06 AM game.Utils.Logs.GameLogger warn
WARNING: У вас уже есть это здание
апр. 26, 2025 3:50:06 AM game.Utils.Logs.GameLogger warn
WARNING: У вас уже есть это здание
апр. 26, 2025 3:50:06 AM game.Utils.Logs.GameLogger warn
WARNING: У вас уже есть это здание
апр. 26, 2025 3:50:06 AM game.Utils.Logs.GameLogger warn
WARNING: У вас уже есть это здание
апр. 26, 2025 3:50:06 AM game.Utils.Logs.GameLogger info
INFO: Game test ended
апр. 26, 2025 3:50:06 AM game.Utils.Logs.GameLogger info
INFO: Game test started
апр. 26, 2025 3:50:06 AM game.Utils.Logs.GameLogger info
INFO: Game test ended
апр. 26, 2025 3:50:06 AM game.Utils.Logs.GameLogger info
INFO: Map test ended
апр. 26, 2025 3:50:06 AM game.Utils.Logs.GameLogger info
INFO: Map test ended
апр. 26, 2025 3:50:06 AM game.Utils.Logs.GameLogger info
INFO: Player test ended
апр. 26, 2025 3:50:06 AM game.Utils.Logs.GameLogger info
INFO: Player test ended
апр. 26, 2025 3:50:06 AM game.Utils.Logs.GameLogger info
INFO: Player test ended
апр. 26, 2025 3:50:06 AM game.Utils.Logs.GameLogger info
INFO: Player test ended
апр. 26, 2025 3:50:06 AM game.Utils.Logs.GameLogger info
INFO: Player test ended
апр. 26, 2025 3:50:06 AM game.Utils.Logs.GameLogger info
INFO: Player test ended
апр. 26, 2025 3:50:06 AM game.Utils.Logs.GameLogger info
INFO: Player test ended
апр. 26, 2025 3:50:06 AM game.Utils.Logs.GameLogger info
INFO: Player test ended
апр. 26, 2025 3:50:06 AM game.Utils.Logs.GameLogger info
INFO: Player test ended
апр. 26, 2025 3:50:06 AM game.Utils.Logs.GameLogger info
INFO: Player test ended
апр. 26, 2025 3:50:06 AM game.Utils.Logs.GameLogger info
INFO: Player test ended
апр. 26, 2025 3:50:06 AM game.Utils.Logs.GameLogger info
INFO: Player test ended
апр. 26, 2025 3:50:06 AM game.Utils.Logs.GameLogger info
INFO: Records test ended
апр. 26, 2025 3:50:06 AM game.Utils.Logs.GameLogger info
INFO: Records test ended
апр. 26, 2025 3:50:06 AM game.Utils.Logs.GameLogger info
INFO: Records test ended
апр. 26, 2025 3:50:06 AM game.Utils.Logs.GameLogger info
INFO: Records test ended
апр. 26, 2025 3:50:06 AM game.Utils.Logs.GameLogger info
INFO: Utils test started
апр. 26, 2025 3:50:07 AM game.Utils.Logs.GameLogger info
INFO: Utils test ended
апр. 26, 2025 3:50:07 AM game.Utils.Logs.GameLogger info
INFO: Utils test started
апр. 26, 2025 3:50:07 AM game.Utils.Logs.GameLogger info
INFO: Utils test ended
